<?xml version="1.0" encoding="UTF-8"?>
<testsuite name="com.example.intermediate.IntermediateApplicationTests" tests="1" skipped="0" failures="0" errors="0" timestamp="2022-09-01T12:45:45" hostname="DESKTOP-NBQ6DIM" time="0.36">
  <properties/>
  <testcase name="contextLoads()" classname="com.example.intermediate.IntermediateApplicationTests" time="0.36"/>
  <system-out><![CDATA[21:45:33.037 [Test worker] DEBUG org.springframework.test.context.BootstrapUtils - Instantiating CacheAwareContextLoaderDelegate from class [org.springframework.test.context.cache.DefaultCacheAwareContextLoaderDelegate]
21:45:33.059 [Test worker] DEBUG org.springframework.test.context.BootstrapUtils - Instantiating BootstrapContext using constructor [public org.springframework.test.context.support.DefaultBootstrapContext(java.lang.Class,org.springframework.test.context.CacheAwareContextLoaderDelegate)]
21:45:33.124 [Test worker] DEBUG org.springframework.test.context.BootstrapUtils - Instantiating TestContextBootstrapper for test class [com.example.intermediate.IntermediateApplicationTests] from class [org.springframework.boot.test.context.SpringBootTestContextBootstrapper]
21:45:33.147 [Test worker] INFO org.springframework.boot.test.context.SpringBootTestContextBootstrapper - Neither @ContextConfiguration nor @ContextHierarchy found for test class [com.example.intermediate.IntermediateApplicationTests], using SpringBootContextLoader
21:45:33.154 [Test worker] DEBUG org.springframework.test.context.support.AbstractContextLoader - Did not detect default resource location for test class [com.example.intermediate.IntermediateApplicationTests]: class path resource [com/example/intermediate/IntermediateApplicationTests-context.xml] does not exist
21:45:33.154 [Test worker] DEBUG org.springframework.test.context.support.AbstractContextLoader - Did not detect default resource location for test class [com.example.intermediate.IntermediateApplicationTests]: class path resource [com/example/intermediate/IntermediateApplicationTestsContext.groovy] does not exist
21:45:33.154 [Test worker] INFO org.springframework.test.context.support.AbstractContextLoader - Could not detect default resource locations for test class [com.example.intermediate.IntermediateApplicationTests]: no resource found for suffixes {-context.xml, Context.groovy}.
21:45:33.154 [Test worker] INFO org.springframework.test.context.support.AnnotationConfigContextLoaderUtils - Could not detect default configuration classes for test class [com.example.intermediate.IntermediateApplicationTests]: IntermediateApplicationTests does not declare any static, non-private, non-final, nested classes annotated with @Configuration.
21:45:33.241 [Test worker] DEBUG org.springframework.test.context.support.ActiveProfilesUtils - Could not find an 'annotation declaring class' for annotation type [org.springframework.test.context.ActiveProfiles] and class [com.example.intermediate.IntermediateApplicationTests]
21:45:33.386 [Test worker] DEBUG org.springframework.context.annotation.ClassPathScanningCandidateComponentProvider - Identified candidate component class: file [C:\Users\user\Desktop\springboot_teamproject\build\classes\java\main\com\example\intermediate\IntermediateApplication.class]
21:45:33.388 [Test worker] INFO org.springframework.boot.test.context.SpringBootTestContextBootstrapper - Found @SpringBootConfiguration com.example.intermediate.IntermediateApplication for test class com.example.intermediate.IntermediateApplicationTests
21:45:33.637 [Test worker] DEBUG org.springframework.boot.test.context.SpringBootTestContextBootstrapper - @TestExecutionListeners is not present for class [com.example.intermediate.IntermediateApplicationTests]: using defaults.
21:45:33.639 [Test worker] INFO org.springframework.boot.test.context.SpringBootTestContextBootstrapper - Loaded default TestExecutionListener class names from location [META-INF/spring.factories]: [org.springframework.boot.test.autoconfigure.restdocs.RestDocsTestExecutionListener, org.springframework.boot.test.autoconfigure.web.client.MockRestServiceServerResetTestExecutionListener, org.springframework.boot.test.autoconfigure.web.servlet.MockMvcPrintOnlyOnFailureTestExecutionListener, org.springframework.boot.test.autoconfigure.web.servlet.WebDriverTestExecutionListener, org.springframework.boot.test.autoconfigure.webservices.client.MockWebServiceServerTestExecutionListener, org.springframework.boot.test.mock.mockito.MockitoTestExecutionListener, org.springframework.boot.test.mock.mockito.ResetMocksTestExecutionListener, org.springframework.test.context.web.ServletTestExecutionListener, org.springframework.test.context.support.DirtiesContextBeforeModesTestExecutionListener, org.springframework.test.context.event.ApplicationEventsTestExecutionListener, org.springframework.test.context.support.DependencyInjectionTestExecutionListener, org.springframework.test.context.support.DirtiesContextTestExecutionListener, org.springframework.test.context.transaction.TransactionalTestExecutionListener, org.springframework.test.context.jdbc.SqlScriptsTestExecutionListener, org.springframework.test.context.event.EventPublishingTestExecutionListener]
21:45:33.669 [Test worker] INFO org.springframework.boot.test.context.SpringBootTestContextBootstrapper - Using TestExecutionListeners: [org.springframework.test.context.web.ServletTestExecutionListener@72e34f77, org.springframework.test.context.support.DirtiesContextBeforeModesTestExecutionListener@7bf9b098, org.springframework.test.context.event.ApplicationEventsTestExecutionListener@389adf1d, org.springframework.boot.test.mock.mockito.MockitoTestExecutionListener@77307458, org.springframework.boot.test.autoconfigure.SpringBootDependencyInjectionTestExecutionListener@1fc0053e, org.springframework.test.context.support.DirtiesContextTestExecutionListener@290b1b2e, org.springframework.test.context.transaction.TransactionalTestExecutionListener@47874b25, org.springframework.test.context.jdbc.SqlScriptsTestExecutionListener@33617539, org.springframework.test.context.event.EventPublishingTestExecutionListener@2c177f9e, org.springframework.boot.test.autoconfigure.restdocs.RestDocsTestExecutionListener@5db4c359, org.springframework.boot.test.autoconfigure.web.client.MockRestServiceServerResetTestExecutionListener@209775a9, org.springframework.boot.test.autoconfigure.web.servlet.MockMvcPrintOnlyOnFailureTestExecutionListener@18e7143f, org.springframework.boot.test.autoconfigure.web.servlet.WebDriverTestExecutionListener@f9b7332, org.springframework.boot.test.autoconfigure.webservices.client.MockWebServiceServerTestExecutionListener@74cec793, org.springframework.boot.test.mock.mockito.ResetMocksTestExecutionListener@6fefce9e]
21:45:33.676 [Test worker] DEBUG org.springframework.test.context.support.AbstractDirtiesContextTestExecutionListener - Before test class: context [DefaultTestContext@532a02d9 testClass = IntermediateApplicationTests, testInstance = [null], testMethod = [null], testException = [null], mergedContextConfiguration = [WebMergedContextConfiguration@611f8234 testClass = IntermediateApplicationTests, locations = '{}', classes = '{class com.example.intermediate.IntermediateApplication}', contextInitializerClasses = '[]', activeProfiles = '{}', propertySourceLocations = '{}', propertySourceProperties = '{org.springframework.boot.test.context.SpringBootTestContextBootstrapper=true}', contextCustomizers = set[org.springframework.boot.test.autoconfigure.actuate.metrics.MetricsExportContextCustomizerFactory$DisableMetricExportContextCustomizer@503ecb24, org.springframework.boot.test.autoconfigure.properties.PropertyMappingContextCustomizer@0, org.springframework.boot.test.autoconfigure.web.servlet.WebDriverContextCustomizerFactory$Customizer@134d26af, org.springframework.boot.test.context.filter.ExcludeFilterContextCustomizer@4fad9bb2, org.springframework.boot.test.json.DuplicateJsonObjectContextCustomizerFactory$DuplicateJsonObjectContextCustomizer@22d7b4f8, org.springframework.boot.test.mock.mockito.MockitoContextCustomizer@0, org.springframework.boot.test.web.client.TestRestTemplateContextCustomizer@a22cb6a, org.springframework.boot.test.context.SpringBootTestArgs@1, org.springframework.boot.test.context.SpringBootTestWebEnvironment@47faa49c], resourceBasePath = 'src/main/webapp', contextLoader = 'org.springframework.boot.test.context.SpringBootContextLoader', parent = [null]], attributes = map['org.springframework.test.context.web.ServletTestExecutionListener.activateListener' -> true]], class annotated with @DirtiesContext [false] with mode [null].

  .   ____          _            __ _ _
 /\\ / ___'_ __ _ _(_)_ __  __ _ \ \ \ \
( ( )\___ | '_ | '_| | '_ \/ _` | \ \ \ \
 \\/  ___)| |_)| | | | | || (_| |  ) ) ) )
  '  |____| .__|_| |_|_| |_\__, | / / / /
 =========|_|==============|___/=/_/_/_/
 :: Spring Boot ::                (v2.7.2)

2022-09-01 21:45:34.207  INFO 18672 --- [    Test worker] c.e.i.IntermediateApplicationTests       : Starting IntermediateApplicationTests using Java 17.0.4 on DESKTOP-NBQ6DIM with PID 18672 (started by user in C:\Users\user\Desktop\springboot_teamproject)
2022-09-01 21:45:34.209  INFO 18672 --- [    Test worker] c.e.i.IntermediateApplicationTests       : No active profile set, falling back to 1 default profile: "default"
2022-09-01 21:45:35.725  INFO 18672 --- [    Test worker] .s.d.r.c.RepositoryConfigurationDelegate : Bootstrapping Spring Data JPA repositories in DEFAULT mode.
2022-09-01 21:45:35.920  INFO 18672 --- [    Test worker] .s.d.r.c.RepositoryConfigurationDelegate : Finished Spring Data repository scanning in 180 ms. Found 8 JPA repository interfaces.
2022-09-01 21:45:36.555  INFO 18672 --- [    Test worker] trationDelegate$BeanPostProcessorChecker : Bean 'credentialsProvider' of type [com.amazonaws.auth.AWSCredentialsProviderChain] is not eligible for getting processed by all BeanPostProcessors (for example: not eligible for auto-proxying)
2022-09-01 21:45:37.182  INFO 18672 --- [    Test worker] o.hibernate.jpa.internal.util.LogHelper  : HHH000204: Processing PersistenceUnitInfo [name: default]
2022-09-01 21:45:37.319  INFO 18672 --- [    Test worker] org.hibernate.Version                    : HHH000412: Hibernate ORM core version 5.6.10.Final
2022-09-01 21:45:37.736  INFO 18672 --- [    Test worker] o.hibernate.annotations.common.Version   : HCANN000001: Hibernate Commons Annotations {5.1.2.Final}
2022-09-01 21:45:37.952  INFO 18672 --- [    Test worker] com.zaxxer.hikari.HikariDataSource       : HikariPool-1 - Starting...
2022-09-01 21:45:38.525  INFO 18672 --- [    Test worker] com.zaxxer.hikari.HikariDataSource       : HikariPool-1 - Start completed.
2022-09-01 21:45:38.589  INFO 18672 --- [    Test worker] org.hibernate.dialect.Dialect            : HHH000400: Using dialect: org.hibernate.dialect.MySQL8Dialect
2022-09-01 21:45:40.452  INFO 18672 --- [    Test worker] o.h.e.t.j.p.i.JtaPlatformInitiator       : HHH000490: Using JtaPlatform implementation: [org.hibernate.engine.transaction.jta.platform.internal.NoJtaPlatform]
2022-09-01 21:45:40.467  INFO 18672 --- [    Test worker] j.LocalContainerEntityManagerFactoryBean : Initialized JPA EntityManagerFactory for persistence unit 'default'
2022-09-01 21:45:43.033  WARN 18672 --- [    Test worker] JpaBaseConfiguration$JpaWebConfiguration : spring.jpa.open-in-view is enabled by default. Therefore, database queries may be performed during view rendering. Explicitly configure spring.jpa.open-in-view to disable this warning
2022-09-01 21:45:43.911  INFO 18672 --- [    Test worker] o.s.s.web.DefaultSecurityFilterChain     : Will secure any request with [org.springframework.security.web.session.DisableEncodeUrlFilter@12dd3501, org.springframework.security.web.context.request.async.WebAsyncManagerIntegrationFilter@4cb0e39e, org.springframework.security.web.context.SecurityContextPersistenceFilter@63767d, org.springframework.security.web.header.HeaderWriterFilter@75a5a912, org.springframework.web.filter.CorsFilter@650e6569, org.springframework.security.web.authentication.logout.LogoutFilter@580a5b6e, com.example.intermediate.jwt.JwtFilter@4a10e65b, org.springframework.security.web.savedrequest.RequestCacheAwareFilter@1e14ed59, org.springframework.security.web.servletapi.SecurityContextHolderAwareRequestFilter@5dfb078, org.springframework.security.web.authentication.AnonymousAuthenticationFilter@311eb725, org.springframework.security.web.session.SessionManagementFilter@79f82fc4, org.springframework.security.web.access.ExceptionTranslationFilter@59b43e35, org.springframework.security.web.access.intercept.FilterSecurityInterceptor@194a653d]
2022-09-01 21:45:45.116  INFO 18672 --- [    Test worker] c.e.i.IntermediateApplicationTests       : Started IntermediateApplicationTests in 11.379 seconds (JVM running for 13.875)
]]></system-out>
  <system-err><![CDATA[]]></system-err>
</testsuite>
